Scratch That Logo Quiz/build/outputs/logs/manifest-merger-debug-report.txt
-- Merging decision tree log ---
manifest
ADDED from Android Code/Scratch That Logo Quiz/AndroidManifest.xml:2:1-52:12
	xmlns:android
		ADDED from Android Code/Scratch That Logo Quiz/AndroidManifest.xml:2:11-69
	package
		ADDED from Android Code/Scratch That Logo Quiz/AndroidManifest.xml:3:5-45
	android:versionName
		ADDED from Android Code/Scratch That Logo Quiz/AndroidManifest.xml:5:5-30
		INJECTED from Android Code/Scratch That Logo Quiz/AndroidManifest.xml
		INJECTED from Android Code/Scratch That Logo Quiz/AndroidManifest.xml
	android:versionCode
		ADDED from Android Code/Scratch That Logo Quiz/AndroidManifest.xml:4:5-28
		INJECTED from Android Code/Scratch That Logo Quiz/AndroidManifest.xml
		INJECTED from Android Code/Scratch That Logo Quiz/AndroidManifest.xml
uses-sdk
ADDED from Android Code/Scratch That Logo Quiz/AndroidManifest.xml:7:5-9:41
MERGED from [com.android.support:multidex:1.0.1] AndroidManifest.xml:18:5-42
MERGED from [Android Code:WScratchViewLibrary:unspecified] AndroidManifest.xml:7:5-9:41
MERGED from [Android Code:google-play-services_lib:unspecified] AndroidManifest.xml:7:5-9:41
	android:targetSdkVersion
		ADDED from Android Code/Scratch That Logo Quiz/AndroidManifest.xml:9:9-38
	android:minSdkVersion
		ADDED from Android Code/Scratch That Logo Quiz/AndroidManifest.xml:8:9-34
uses-permission#android.permission.ACCESS_NETWORK_STATE
ADDED from Android Code/Scratch That Logo Quiz/AndroidManifest.xml:11:5-79
	android:name
		ADDED from Android Code/Scratch That Logo Quiz/AndroidManifest.xml:11:22-76
uses-permission#android.permission.INTERNET
ADDED from Android Code/Scratch That Logo Quiz/AndroidManifest.xml:12:5-67
	android:name
		ADDED from Android Code/Scratch That Logo Quiz/AndroidManifest.xml:12:22-64
application
ADDED from Android Code/Scratch That Logo Quiz/AndroidManifest.xml:14:5-50:19
MERGED from [Android Code:WScratchViewLibrary:unspecified] AndroidManifest.xml:11:5-16:19
	android:label
		ADDED from Android Code/Scratch That Logo Quiz/AndroidManifest.xml:18:9-41
	android:allowBackup
		ADDED from Android Code/Scratch That Logo Quiz/AndroidManifest.xml:16:9-35
	android:icon
		ADDED from Android Code/Scratch That Logo Quiz/AndroidManifest.xml:17:9-45
	android:theme
		ADDED from [Android Code:WScratchViewLibrary:unspecified] AndroidManifest.xml:15:9-40
activity#com.gkcrop.scratchthatlogoquiz.MainActivity
ADDED from Android Code/Scratch That Logo Quiz/AndroidManifest.xml:19:9-27:20
	android:label
		ADDED from Android Code/Scratch That Logo Quiz/AndroidManifest.xml:21:13-45
	android:name
		ADDED from Android Code/Scratch That Logo Quiz/AndroidManifest.xml:20:13-71
intent-filter#android.intent.action.MAIN+android.intent.category.LAUNCHER
ADDED from Android Code/Scratch That Logo Quiz/AndroidManifest.xml:22:13-26:29
action#android.intent.action.MAIN
ADDED from Android Code/Scratch That Logo Quiz/AndroidManifest.xml:23:17-69
	android:name
		ADDED from Android Code/Scratch That Logo Quiz/AndroidManifest.xml:23:25-66
category#android.intent.category.LAUNCHER
ADDED from Android Code/Scratch That Logo Quiz/AndroidManifest.xml:25:17-77
	android:name
		ADDED from Android Code/Scratch That Logo Quiz/AndroidManifest.xml:25:27-74
activity#com.gkcrop.scratchthatlogoquiz.CategoryActivity
ADDED from Android Code/Scratch That Logo Quiz/AndroidManifest.xml:28:9-31:20
	android:screenOrientation
		ADDED from Android Code/Scratch That Logo Quiz/AndroidManifest.xml:30:13-49
	android:name
		ADDED from Android Code/Scratch That Logo Quiz/AndroidManifest.xml:29:13-75
activity#com.gkcrop.scratchthatlogoquiz.GameActivity
ADDED from Android Code/Scratch That Logo Quiz/AndroidManifest.xml:32:9-35:20
	android:screenOrientation
		ADDED from Android Code/Scratch That Logo Quiz/AndroidManifest.xml:34:13-49
	android:name
		ADDED from Android Code/Scratch That Logo Quiz/AndroidManifest.xml:33:13-71
activity#com.gkcrop.scratchthatlogoquiz.HowTo
ADDED from Android Code/Scratch That Logo Quiz/AndroidManifest.xml:36:9-39:20
	android:screenOrientation
		ADDED from Android Code/Scratch That Logo Quiz/AndroidManifest.xml:38:13-49
	android:name
		ADDED from Android Code/Scratch That Logo Quiz/AndroidManifest.xml:37:13-64
meta-data#com.google.android.gms.version
ADDED from Android Code/Scratch That Logo Quiz/AndroidManifest.xml:41:10-43:69
	android:name
		ADDED from Android Code/Scratch That Logo Quiz/AndroidManifest.xml:42:13-58
	android:value
		ADDED from Android Code/Scratch That Logo Quiz/AndroidManifest.xml:43:13-66
activity#com.google.android.gms.ads.AdActivity
ADDED from Android Code/Scratch That Logo Quiz/AndroidManifest.xml:46:9-48:124
	android:configChanges
		ADDED from Android Code/Scratch That Logo Quiz/AndroidManifest.xml:48:13-122
	android:name
		ADDED from Android Code/Scratch That Logo Quiz/AndroidManifest.xml:47:13-65